<?xml version="1.0" encoding="UTF-8"?>
<robot generator="Robot 3.2.2 (Python 3.9.1 on win32)" generated="20210303 22:21:02.539" rpa="false">
<suite id="s1" name="VG test" source="C:\Users\adamj\PycharmProjects\pythonProject3\Tests\VG_test.robot">
<kw name="Begin Web Test" library="VG" type="setup">
<kw name="Open Browser" library="SeleniumLibrary">
<doc>Opens a new browser instance to the optional ``url``.</doc>
<arguments>
<arg>about:blank</arg>
<arg>${BROWSER}</arg>
</arguments>
<msg timestamp="20210303 22:21:02.740" level="INFO">Opening browser 'chrome' to base url 'about:blank'.</msg>
<status status="PASS" starttime="20210303 22:21:02.740" endtime="20210303 22:21:03.980"></status>
</kw>
<kw name="Set Selenium Timeout" library="SeleniumLibrary">
<doc>Sets the timeout that is used by various keywords.</doc>
<arguments>
<arg>15</arg>
</arguments>
<status status="PASS" starttime="20210303 22:21:03.980" endtime="20210303 22:21:03.983"></status>
</kw>
<status status="PASS" starttime="20210303 22:21:02.740" endtime="20210303 22:21:03.984"></status>
</kw>
<test id="s1-t1" name="Login and Book a Car">
<kw name="Given user has access to the Infotiv Car Rental page and is logged in with email &quot;${email}&quot; and password &quot;${password}&quot;" library="VG">
<kw name="Go to Web Page" library="VG">
<kw name="Load Page" library="VG">
<kw name="Go To" library="SeleniumLibrary">
<doc>Navigates the current browser window to the provided ``url``.</doc>
<arguments>
<arg>${URL}</arg>
</arguments>
<msg timestamp="20210303 22:21:03.988" level="INFO">Opening url 'http://rental1.infotiv.net/'</msg>
<status status="PASS" starttime="20210303 22:21:03.988" endtime="20210303 22:21:04.983"></status>
</kw>
<status status="PASS" starttime="20210303 22:21:03.987" endtime="20210303 22:21:04.983"></status>
</kw>
<kw name="Verify Page Loaded" library="VG">
<kw name="Get Title" library="SeleniumLibrary">
<doc>Returns the title of the current page.</doc>
<assign>
<var>${link_text}</var>
</assign>
<msg timestamp="20210303 22:21:04.990" level="INFO">${link_text} = Infotiv Car Rental</msg>
<status status="PASS" starttime="20210303 22:21:04.984" endtime="20210303 22:21:04.990"></status>
</kw>
<kw name="Should Be Equal" library="BuiltIn">
<doc>Fails if the given objects are unequal.</doc>
<arguments>
<arg>${link_text}</arg>
<arg>Infotiv Car Rental</arg>
</arguments>
<status status="PASS" starttime="20210303 22:21:04.990" endtime="20210303 22:21:04.991"></status>
</kw>
<status status="PASS" starttime="20210303 22:21:04.983" endtime="20210303 22:21:04.991"></status>
</kw>
<status status="PASS" starttime="20210303 22:21:03.986" endtime="20210303 22:21:04.991"></status>
</kw>
<kw name="Load Page" library="VG">
<kw name="Go To" library="SeleniumLibrary">
<doc>Navigates the current browser window to the provided ``url``.</doc>
<arguments>
<arg>${URL}</arg>
</arguments>
<msg timestamp="20210303 22:21:04.993" level="INFO">Opening url 'http://rental1.infotiv.net/'</msg>
<status status="PASS" starttime="20210303 22:21:04.992" endtime="20210303 22:21:05.201"></status>
</kw>
<status status="PASS" starttime="20210303 22:21:04.992" endtime="20210303 22:21:05.201"></status>
</kw>
<kw name="Verify Page Loaded" library="VG">
<kw name="Get Title" library="SeleniumLibrary">
<doc>Returns the title of the current page.</doc>
<assign>
<var>${link_text}</var>
</assign>
<msg timestamp="20210303 22:21:05.209" level="INFO">${link_text} = Infotiv Car Rental</msg>
<status status="PASS" starttime="20210303 22:21:05.201" endtime="20210303 22:21:05.209"></status>
</kw>
<kw name="Should Be Equal" library="BuiltIn">
<doc>Fails if the given objects are unequal.</doc>
<arguments>
<arg>${link_text}</arg>
<arg>Infotiv Car Rental</arg>
</arguments>
<status status="PASS" starttime="20210303 22:21:05.209" endtime="20210303 22:21:05.209"></status>
</kw>
<status status="PASS" starttime="20210303 22:21:05.201" endtime="20210303 22:21:05.210"></status>
</kw>
<kw name="Input email" library="VG">
<kw name="Input Text" library="SeleniumLibrary">
<doc>Types the given ``text`` into the text field identified by ``locator``.</doc>
<arguments>
<arg>xpath://*[@id="email"]</arg>
<arg>${email}</arg>
</arguments>
<msg timestamp="20210303 22:21:05.210" level="INFO">Typing text 'adam.ballard@iths.se' into text field 'xpath://*[@id="email"]'.</msg>
<status status="PASS" starttime="20210303 22:21:05.210" endtime="20210303 22:21:05.309"></status>
</kw>
<status status="PASS" starttime="20210303 22:21:05.210" endtime="20210303 22:21:05.309"></status>
</kw>
<kw name="Input password" library="VG">
<kw name="Input Text" library="SeleniumLibrary">
<doc>Types the given ``text`` into the text field identified by ``locator``.</doc>
<arguments>
<arg>xpath://*[@id="password"]</arg>
<arg>${password}</arg>
</arguments>
<msg timestamp="20210303 22:21:05.309" level="INFO">Typing text 'gulsnö' into text field 'xpath://*[@id="password"]'.</msg>
<status status="PASS" starttime="20210303 22:21:05.309" endtime="20210303 22:21:05.387"></status>
</kw>
<status status="PASS" starttime="20210303 22:21:05.309" endtime="20210303 22:21:05.387"></status>
</kw>
<kw name="Click Login and Verify" library="VG">
<kw name="Click Element" library="SeleniumLibrary">
<doc>Click the element identified by ``locator``.</doc>
<arguments>
<arg>id:login</arg>
</arguments>
<msg timestamp="20210303 22:21:05.388" level="INFO">Clicking element 'id:login'.</msg>
<status status="PASS" starttime="20210303 22:21:05.388" endtime="20210303 22:21:05.897"></status>
</kw>
<kw name="Wait Until Page Contains Element" library="SeleniumLibrary">
<doc>Waits until the element ``locator`` appears on the current page.</doc>
<arguments>
<arg>id:welcomePhrase</arg>
</arguments>
<status status="PASS" starttime="20210303 22:21:05.898" endtime="20210303 22:21:05.915"></status>
</kw>
<kw name="Page Should Contain" library="SeleniumLibrary">
<doc>Verifies that current page contains ``text``.</doc>
<arguments>
<arg>You are signed in as Adam</arg>
</arguments>
<msg timestamp="20210303 22:21:05.933" level="INFO">Current page contains text 'You are signed in as Adam'.</msg>
<status status="PASS" starttime="20210303 22:21:05.916" endtime="20210303 22:21:05.933"></status>
</kw>
<status status="PASS" starttime="20210303 22:21:05.387" endtime="20210303 22:21:05.933"></status>
</kw>
<status status="PASS" starttime="20210303 22:21:03.985" endtime="20210303 22:21:05.933"></status>
</kw>
<kw name="When the user confirmes an allowed date in the date-selection" library="VG">
<kw name="Click Button Continue" library="VG">
<kw name="Click Element" library="SeleniumLibrary">
<doc>Click the element identified by ``locator``.</doc>
<arguments>
<arg>id:continue</arg>
</arguments>
<msg timestamp="20210303 22:21:05.934" level="INFO">Clicking element 'id:continue'.</msg>
<status status="PASS" starttime="20210303 22:21:05.934" endtime="20210303 22:21:06.585"></status>
</kw>
<status status="PASS" starttime="20210303 22:21:05.934" endtime="20210303 22:21:06.586"></status>
</kw>
<status status="PASS" starttime="20210303 22:21:05.934" endtime="20210303 22:21:06.586"></status>
</kw>
<kw name="And picks an avaliable car to book" library="VG">
<kw name="Click Button Book" library="VG">
<kw name="Wait Until Page Contains Element" library="SeleniumLibrary">
<doc>Waits until the element ``locator`` appears on the current page.</doc>
<arguments>
<arg>id:bookModelSpass5</arg>
</arguments>
<status status="PASS" starttime="20210303 22:21:06.588" endtime="20210303 22:21:06.610"></status>
</kw>
<kw name="Click Element" library="SeleniumLibrary">
<doc>Click the element identified by ``locator``.</doc>
<arguments>
<arg>id:bookModelSpass5</arg>
</arguments>
<msg timestamp="20210303 22:21:06.611" level="INFO">Clicking element 'id:bookModelSpass5'.</msg>
<status status="PASS" starttime="20210303 22:21:06.610" endtime="20210303 22:21:06.874"></status>
</kw>
<status status="PASS" starttime="20210303 22:21:06.587" endtime="20210303 22:21:06.874"></status>
</kw>
<status status="PASS" starttime="20210303 22:21:06.587" endtime="20210303 22:21:06.874"></status>
</kw>
<kw name="And inputs the cardnumber &quot;${cardNumber}&quot;, the full name &quot;${fullName}&quot; and uses the cvc &quot;${cvc}&quot; and confirms the booking" library="VG">
<kw name="Input Card Number" library="VG">
<kw name="Input Text" library="SeleniumLibrary">
<doc>Types the given ``text`` into the text field identified by ``locator``.</doc>
<arguments>
<arg>xpath://*[@id="cardNum"]</arg>
<arg>${cardNumber}</arg>
</arguments>
<msg timestamp="20210303 22:21:06.877" level="INFO">Typing text '1234567891234567' into text field 'xpath://*[@id="cardNum"]'.</msg>
<status status="PASS" starttime="20210303 22:21:06.876" endtime="20210303 22:21:07.231"></status>
</kw>
<status status="PASS" starttime="20210303 22:21:06.876" endtime="20210303 22:21:07.231"></status>
</kw>
<kw name="Input Full Name" library="VG">
<kw name="Input Text" library="SeleniumLibrary">
<doc>Types the given ``text`` into the text field identified by ``locator``.</doc>
<arguments>
<arg>xpath://*[@id="fullName"]</arg>
<arg>${full_name}</arg>
</arguments>
<msg timestamp="20210303 22:21:07.232" level="INFO">Typing text 'Adam Ballard' into text field 'xpath://*[@id="fullName"]'.</msg>
<status status="PASS" starttime="20210303 22:21:07.232" endtime="20210303 22:21:07.348"></status>
</kw>
<status status="PASS" starttime="20210303 22:21:07.232" endtime="20210303 22:21:07.349"></status>
</kw>
<kw name="Select ExpYear Card" library="VG">
<kw name="Select From List By Index" library="SeleniumLibrary">
<doc>Selects options from selection list ``locator`` by ``indexes``.</doc>
<arguments>
<arg>xpath://*[@id="confirmSelection"]/form/select[2]</arg>
<arg>4</arg>
</arguments>
<msg timestamp="20210303 22:21:07.349" level="INFO">Selecting options from selection list 'xpath://*[@id="confirmSelection"]/form/select[2]' by index 4.</msg>
<status status="PASS" starttime="20210303 22:21:07.349" endtime="20210303 22:21:07.465"></status>
</kw>
<status status="PASS" starttime="20210303 22:21:07.349" endtime="20210303 22:21:07.466"></status>
</kw>
<kw name="Input Cvc" library="VG">
<kw name="Input Text" library="SeleniumLibrary">
<doc>Types the given ``text`` into the text field identified by ``locator``.</doc>
<arguments>
<arg>xpath://*[@id="cvc"]</arg>
<arg>${cvc}</arg>
</arguments>
<msg timestamp="20210303 22:21:07.467" level="INFO">Typing text '['123']' into text field 'xpath://*[@id="cvc"]'.</msg>
<status status="PASS" starttime="20210303 22:21:07.466" endtime="20210303 22:21:07.571"></status>
</kw>
<status status="PASS" starttime="20210303 22:21:07.466" endtime="20210303 22:21:07.571"></status>
</kw>
<kw name="Click Button Confirm" library="VG">
<kw name="Click Element" library="SeleniumLibrary">
<doc>Click the element identified by ``locator``.</doc>
<arguments>
<arg>id:confirm</arg>
</arguments>
<msg timestamp="20210303 22:21:07.572" level="INFO">Clicking element 'id:confirm'.</msg>
<status status="PASS" starttime="20210303 22:21:07.572" endtime="20210303 22:21:07.850"></status>
</kw>
<status status="PASS" starttime="20210303 22:21:07.571" endtime="20210303 22:21:07.851"></status>
</kw>
<status status="PASS" starttime="20210303 22:21:06.875" endtime="20210303 22:21:07.851"></status>
</kw>
<kw name="Then car should be booked" library="VG">
<kw name="Verify Car Booked" library="VG">
<kw name="Wait Until Page Contains Element" library="SeleniumLibrary">
<doc>Waits until the element ``locator`` appears on the current page.</doc>
<arguments>
<arg>id:confirmMessage</arg>
</arguments>
<status status="PASS" starttime="20210303 22:21:07.853" endtime="20210303 22:21:07.880"></status>
</kw>
<status status="PASS" starttime="20210303 22:21:07.853" endtime="20210303 22:21:07.880"></status>
</kw>
<status status="PASS" starttime="20210303 22:21:07.852" endtime="20210303 22:21:07.880"></status>
</kw>
<doc>Login and Book A Car: The user can login to an existing account and book a car</doc>
<tags>
<tag>Login &amp; Book</tag>
</tags>
<status status="PASS" starttime="20210303 22:21:03.984" endtime="20210303 22:21:07.880" critical="yes"></status>
</test>
<kw name="End Web Test" library="VG" type="teardown">
<kw name="Close Browser" library="SeleniumLibrary">
<doc>Closes the current browser.</doc>
<status status="PASS" starttime="20210303 22:21:07.883" endtime="20210303 22:21:10.104"></status>
</kw>
<status status="PASS" starttime="20210303 22:21:07.883" endtime="20210303 22:21:10.104"></status>
</kw>
<doc>This is some basic info about the whole test suite.</doc>
<status status="PASS" starttime="20210303 22:21:02.540" endtime="20210303 22:21:10.104"></status>
</suite>
<statistics>
<total>
<stat pass="1" fail="0">Critical Tests</stat>
<stat pass="1" fail="0">All Tests</stat>
</total>
<tag>
<stat pass="1" fail="0">Login &amp; Book</stat>
</tag>
<suite>
<stat pass="1" fail="0" id="s1" name="VG test">VG test</stat>
</suite>
</statistics>
<errors>
</errors>
</robot>
